# JRE version: Java(TM) SE Runtime Environment (8.0_231-b11) (build 1.8.0_231-b11)
# Java VM: Java HotSpot(TM) 64-Bit Server VM (25.231-b11 mixed mode windows-amd64 compressed oops)
Heap:
 PSYoungGen      total 226816K, used 204027K [0x000000076b780000, 0x000000077af00000, 0x00000007c0000000)
  eden space 208896K, 97% used [0x000000076b780000,0x0000000777ebee58,0x0000000778380000)
  from space 17920K, 0% used [0x0000000779700000,0x0000000779700000,0x000000077a880000)
  to   space 19968K, 0% used [0x0000000778380000,0x0000000778380000,0x0000000779700000)
 ParOldGen       total 228864K, used 26363K [0x00000006c2600000, 0x00000006d0580000, 0x000000076b780000)
  object space 228864K, 11% used [0x00000006c2600000,0x00000006c3fbec40,0x00000006d0580000)
 Metaspace       used 61537K, capacity 65210K, committed 65496K, reserved 1105920K
  class space    used 8259K, capacity 8876K, committed 8960K, reserved 1048576K
GC Heap History (10 events):
Event: 4.014 GC heap before
{Heap before GC invocations=7 (full 1):
 PSYoungGen      total 133120K, used 123070K [0x000000076b780000, 0x0000000776180000, 0x00000007c0000000)
  eden space 122368K, 92% used [0x000000076b780000,0x00000007726a0e00,0x0000000772f00000)
  from space 10752K, 86% used [0x0000000772f00000,0x000000077380ecb0,0x0000000773980000)
  to   space 11776K, 0% used [0x0000000775600000,0x0000000775600000,0x0000000776180000)
 ParOldGen       total 102912K, used 8304K [0x00000006c2600000, 0x00000006c8a80000, 0x000000076b780000)
  object space 102912K, 8% used [0x00000006c2600000,0x00000006c2e1c290,0x00000006c8a80000)
 Metaspace       used 33675K, capacity 35352K, committed 35416K, reserved 1079296K
  class space    used 4591K, capacity 4929K, committed 4992K, reserved 1048576K
Event: 4.026 GC heap after
Heap after GC invocations=7 (full 1):
 PSYoungGen      total 159232K, used 11746K [0x000000076b780000, 0x0000000778780000, 0x00000007c0000000)
  eden space 147456K, 0% used [0x000000076b780000,0x000000076b780000,0x0000000774780000)
  from space 11776K, 99% used [0x0000000775600000,0x0000000776178be8,0x0000000776180000)
  to   space 14848K, 0% used [0x0000000774780000,0x0000000774780000,0x0000000775600000)
 ParOldGen       total 102912K, used 9878K [0x00000006c2600000, 0x00000006c8a80000, 0x000000076b780000)
  object space 102912K, 9% used [0x00000006c2600000,0x00000006c2fa5810,0x00000006c8a80000)
 Metaspace       used 33675K, capacity 35352K, committed 35416K, reserved 1079296K
  class space    used 4591K, capacity 4929K, committed 4992K, reserved 1048576K
}
Event: 4.026 GC heap before
{Heap before GC invocations=8 (full 2):
 PSYoungGen      total 159232K, used 11746K [0x000000076b780000, 0x0000000778780000, 0x00000007c0000000)
  eden space 147456K, 0% used [0x000000076b780000,0x000000076b780000,0x0000000774780000)
  from space 11776K, 99% used [0x0000000775600000,0x0000000776178be8,0x0000000776180000)
  to   space 14848K, 0% used [0x0000000774780000,0x0000000774780000,0x0000000775600000)
 ParOldGen       total 102912K, used 9878K [0x00000006c2600000, 0x00000006c8a80000, 0x000000076b780000)
  object space 102912K, 9% used [0x00000006c2600000,0x00000006c2fa5810,0x00000006c8a80000)
 Metaspace       used 33675K, capacity 35352K, committed 35416K, reserved 1079296K
  class space    used 4591K, capacity 4929K, committed 4992K, reserved 1048576K
Event: 4.059 GC heap after
Heap after GC invocations=8 (full 2):
 PSYoungGen      total 159232K, used 0K [0x000000076b780000, 0x0000000778780000, 0x00000007c0000000)
  eden space 147456K, 0% used [0x000000076b780000,0x000000076b780000,0x0000000774780000)
  from space 11776K, 0% used [0x0000000775600000,0x0000000775600000,0x0000000776180000)
  to   space 14848K, 0% used [0x0000000774780000,0x0000000774780000,0x0000000775600000)
 ParOldGen       total 162816K, used 17037K [0x00000006c2600000, 0x00000006cc500000, 0x000000076b780000)
  object space 162816K, 10% used [0x00000006c2600000,0x00000006c36a34b8,0x00000006cc500000)
 Metaspace       used 33675K, capacity 35352K, committed 35416K, reserved 1079296K
  class space    used 4591K, capacity 4929K, committed 4992K, reserved 1048576K
}
Event: 6.050 GC heap before
{Heap before GC invocations=9 (full 2):
 PSYoungGen      total 159232K, used 147456K [0x000000076b780000, 0x0000000778780000, 0x00000007c0000000)
  eden space 147456K, 100% used [0x000000076b780000,0x0000000774780000,0x0000000774780000)
  from space 11776K, 0% used [0x0000000775600000,0x0000000775600000,0x0000000776180000)
  to   space 14848K, 0% used [0x0000000774780000,0x0000000774780000,0x0000000775600000)
 ParOldGen       total 162816K, used 17037K [0x00000006c2600000, 0x00000006cc500000, 0x000000076b780000)
  object space 162816K, 10% used [0x00000006c2600000,0x00000006c36a34b8,0x00000006cc500000)
 Metaspace       used 47689K, capacity 49786K, committed 49880K, reserved 1091584K
  class space    used 6427K, capacity 6848K, committed 6912K, reserved 1048576K
Event: 6.061 GC heap after
Heap after GC invocations=9 (full 2):
 PSYoungGen      total 162304K, used 14820K [0x000000076b780000, 0x000000077a880000, 0x00000007c0000000)
  eden space 147456K, 0% used [0x000000076b780000,0x000000076b780000,0x0000000774780000)
  from space 14848K, 99% used [0x0000000774780000,0x00000007755f9240,0x0000000775600000)
  to   space 17920K, 0% used [0x0000000779700000,0x0000000779700000,0x000000077a880000)
 ParOldGen       total 162816K, used 17927K [0x00000006c2600000, 0x00000006cc500000, 0x000000076b780000)
  object space 162816K, 11% used [0x00000006c2600000,0x00000006c3781db0,0x00000006cc500000)
 Metaspace       used 47689K, capacity 49786K, committed 49880K, reserved 1091584K
  class space    used 6427K, capacity 6848K, committed 6912K, reserved 1048576K
}
Event: 7.192 GC heap before
{Heap before GC invocations=10 (full 2):
 PSYoungGen      total 162304K, used 141278K [0x000000076b780000, 0x000000077a880000, 0x00000007c0000000)
  eden space 147456K, 85% used [0x000000076b780000,0x00000007732fe610,0x0000000774780000)
  from space 14848K, 99% used [0x0000000774780000,0x00000007755f9240,0x0000000775600000)
  to   space 17920K, 0% used [0x0000000779700000,0x0000000779700000,0x000000077a880000)
 ParOldGen       total 162816K, used 17927K [0x00000006c2600000, 0x00000006cc500000, 0x000000076b780000)
  object space 162816K, 11% used [0x00000006c2600000,0x00000006c3781db0,0x00000006cc500000)
 Metaspace       used 56098K, capacity 58918K, committed 58968K, reserved 1099776K
  class space    used 7513K, capacity 8042K, committed 8064K, reserved 1048576K
Event: 7.209 GC heap after
Heap after GC invocations=10 (full 2):
 PSYoungGen      total 226816K, used 16146K [0x000000076b780000, 0x000000077af00000, 0x00000007c0000000)
  eden space 208896K, 0% used [0x000000076b780000,0x000000076b780000,0x0000000778380000)
  from space 17920K, 90% used [0x0000000779700000,0x000000077a6c4918,0x000000077a880000)
  to   space 19968K, 0% used [0x0000000778380000,0x0000000778380000,0x0000000779700000)
 ParOldGen       total 162816K, used 17935K [0x00000006c2600000, 0x00000006cc500000, 0x000000076b780000)
  object space 162816K, 11% used [0x00000006c2600000,0x00000006c3783db0,0x00000006cc500000)
 Metaspace       used 56098K, capacity 58918K, committed 58968K, reserved 1099776K
  class space    used 7513K, capacity 8042K, committed 8064K, reserved 1048576K
}
Event: 7.209 GC heap before
{Heap before GC invocations=11 (full 3):
 PSYoungGen      total 226816K, used 16146K [0x000000076b780000, 0x000000077af00000, 0x00000007c0000000)
  eden space 208896K, 0% used [0x000000076b780000,0x000000076b780000,0x0000000778380000)
  from space 17920K, 90% used [0x0000000779700000,0x000000077a6c4918,0x000000077a880000)
  to   space 19968K, 0% used [0x0000000778380000,0x0000000778380000,0x0000000779700000)
 ParOldGen       total 162816K, used 17935K [0x00000006c2600000, 0x00000006cc500000, 0x000000076b780000)
  object space 162816K, 11% used [0x00000006c2600000,0x00000006c3783db0,0x00000006cc500000)
 Metaspace       used 56098K, capacity 58918K, committed 58968K, reserved 1099776K
  class space    used 7513K, capacity 8042K, committed 8064K, reserved 1048576K
Event: 7.328 GC heap after
Heap after GC invocations=11 (full 3):
 PSYoungGen      total 226816K, used 0K [0x000000076b780000, 0x000000077af00000, 0x00000007c0000000)
  eden space 208896K, 0% used [0x000000076b780000,0x000000076b780000,0x0000000778380000)
  from space 17920K, 0% used [0x0000000779700000,0x0000000779700000,0x000000077a880000)
  to   space 19968K, 0% used [0x0000000778380000,0x0000000778380000,0x0000000779700000)
 ParOldGen       total 228864K, used 26363K [0x00000006c2600000, 0x00000006d0580000, 0x000000076b780000)
  object space 228864K, 11% used [0x00000006c2600000,0x00000006c3fbec40,0x00000006d0580000)
 Metaspace       used 56098K, capacity 58918K, committed 58968K, reserved 1099776K
  class space    used 7513K, capacity 8042K, committed 8064K, reserved 1048576K
}

