# JRE version: Java(TM) SE Runtime Environment (8.0_231-b11) (build 1.8.0_231-b11)
# Java VM: Java HotSpot(TM) 64-Bit Server VM (25.231-b11 mixed mode windows-amd64 compressed oops)
Heap:
 PSYoungGen      total 934400K, used 285687K [0x000000076b780000, 0x00000007a6800000, 0x00000007c0000000)
  eden space 920064K, 31% used [0x000000076b780000,0x000000077ce7de28,0x00000007a3a00000)
  from space 14336K, 0% used [0x00000007a4f00000,0x00000007a4f00000,0x00000007a5d00000)
  to   space 21504K, 0% used [0x00000007a3a00000,0x00000007a3a00000,0x00000007a4f00000)
 ParOldGen       total 142336K, used 38085K [0x00000006c2600000, 0x00000006cb100000, 0x000000076b780000)
  object space 142336K, 26% used [0x00000006c2600000,0x00000006c4b31400,0x00000006cb100000)
 Metaspace       used 62558K, capacity 67004K, committed 67144K, reserved 1107968K
  class space    used 8506K, capacity 9235K, committed 9344K, reserved 1048576K
GC Heap History (10 events):
Event: 3.032 GC heap before
{Heap before GC invocations=7 (full 1):
 PSYoungGen      total 270848K, used 260096K [0x000000076b780000, 0x000000078c680000, 0x00000007c0000000)
  eden space 260096K, 100% used [0x000000076b780000,0x000000077b580000,0x000000077b580000)
  from space 10752K, 0% used [0x000000077b580000,0x000000077b580000,0x000000077c000000)
  to   space 9728K, 0% used [0x000000078bd00000,0x000000078bd00000,0x000000078c680000)
 ParOldGen       total 76800K, used 5838K [0x00000006c2600000, 0x00000006c7100000, 0x000000076b780000)
  object space 76800K, 7% used [0x00000006c2600000,0x00000006c2bb39b0,0x00000006c7100000)
 Metaspace       used 31534K, capacity 34018K, committed 34376K, reserved 1079296K
  class space    used 4200K, capacity 4633K, committed 4736K, reserved 1048576K
Event: 3.046 GC heap after
Heap after GC invocations=7 (full 1):
 PSYoungGen      total 503808K, used 9699K [0x000000076b780000, 0x000000078c680000, 0x00000007c0000000)
  eden space 494080K, 0% used [0x000000076b780000,0x000000076b780000,0x0000000789a00000)
  from space 9728K, 99% used [0x000000078bd00000,0x000000078c678cc8,0x000000078c680000)
  to   space 14848K, 0% used [0x000000078a980000,0x000000078a980000,0x000000078b800000)
 ParOldGen       total 76800K, used 13211K [0x00000006c2600000, 0x00000006c7100000, 0x000000076b780000)
  object space 76800K, 17% used [0x00000006c2600000,0x00000006c32e6d40,0x00000006c7100000)
 Metaspace       used 31534K, capacity 34018K, committed 34376K, reserved 1079296K
  class space    used 4200K, capacity 4633K, committed 4736K, reserved 1048576K
}
Event: 3.266 GC heap before
{Heap before GC invocations=8 (full 1):
 PSYoungGen      total 503808K, used 48676K [0x000000076b780000, 0x000000078c680000, 0x00000007c0000000)
  eden space 494080K, 7% used [0x000000076b780000,0x000000076dd90370,0x0000000789a00000)
  from space 9728K, 99% used [0x000000078bd00000,0x000000078c678cc8,0x000000078c680000)
  to   space 14848K, 0% used [0x000000078a980000,0x000000078a980000,0x000000078b800000)
 ParOldGen       total 76800K, used 13211K [0x00000006c2600000, 0x00000006c7100000, 0x000000076b780000)
  object space 76800K, 17% used [0x00000006c2600000,0x00000006c32e6d40,0x00000006c7100000)
 Metaspace       used 33946K, capacity 36452K, committed 36600K, reserved 1081344K
  class space    used 4520K, capacity 4980K, committed 4992K, reserved 1048576K
Event: 3.273 GC heap after
Heap after GC invocations=8 (full 1):
 PSYoungGen      total 524800K, used 8739K [0x000000076b780000, 0x00000007a5d00000, 0x00000007c0000000)
  eden space 509952K, 0% used [0x000000076b780000,0x000000076b780000,0x000000078a980000)
  from space 14848K, 58% used [0x000000078a980000,0x000000078b208ed8,0x000000078b800000)
  to   space 14336K, 0% used [0x00000007a4f00000,0x00000007a4f00000,0x00000007a5d00000)
 ParOldGen       total 76800K, used 13219K [0x00000006c2600000, 0x00000006c7100000, 0x000000076b780000)
  object space 76800K, 17% used [0x00000006c2600000,0x00000006c32e8d40,0x00000006c7100000)
 Metaspace       used 33946K, capacity 36452K, committed 36600K, reserved 1081344K
  class space    used 4520K, capacity 4980K, committed 4992K, reserved 1048576K
}
Event: 3.273 GC heap before
{Heap before GC invocations=9 (full 2):
 PSYoungGen      total 524800K, used 8739K [0x000000076b780000, 0x00000007a5d00000, 0x00000007c0000000)
  eden space 509952K, 0% used [0x000000076b780000,0x000000076b780000,0x000000078a980000)
  from space 14848K, 58% used [0x000000078a980000,0x000000078b208ed8,0x000000078b800000)
  to   space 14336K, 0% used [0x00000007a4f00000,0x00000007a4f00000,0x00000007a5d00000)
 ParOldGen       total 76800K, used 13219K [0x00000006c2600000, 0x00000006c7100000, 0x000000076b780000)
  object space 76800K, 17% used [0x00000006c2600000,0x00000006c32e8d40,0x00000006c7100000)
 Metaspace       used 33946K, capacity 36452K, committed 36600K, reserved 1081344K
  class space    used 4520K, capacity 4980K, committed 4992K, reserved 1048576K
Event: 3.305 GC heap after
Heap after GC invocations=9 (full 2):
 PSYoungGen      total 524800K, used 0K [0x000000076b780000, 0x00000007a5d00000, 0x00000007c0000000)
  eden space 509952K, 0% used [0x000000076b780000,0x000000076b780000,0x000000078a980000)
  from space 14848K, 0% used [0x000000078a980000,0x000000078a980000,0x000000078b800000)
  to   space 14336K, 0% used [0x00000007a4f00000,0x00000007a4f00000,0x00000007a5d00000)
 ParOldGen       total 99840K, used 13988K [0x00000006c2600000, 0x00000006c8780000, 0x000000076b780000)
  object space 99840K, 14% used [0x00000006c2600000,0x00000006c33a93c8,0x00000006c8780000)
 Metaspace       used 33946K, capacity 36452K, committed 36600K, reserved 1081344K
  class space    used 4520K, capacity 4980K, committed 4992K, reserved 1048576K
}
Event: 6.213 GC heap before
{Heap before GC invocations=10 (full 2):
 PSYoungGen      total 524800K, used 303704K [0x000000076b780000, 0x00000007a5d00000, 0x00000007c0000000)
  eden space 509952K, 59% used [0x000000076b780000,0x000000077e016390,0x000000078a980000)
  from space 14848K, 0% used [0x000000078a980000,0x000000078a980000,0x000000078b800000)
  to   space 14336K, 0% used [0x00000007a4f00000,0x00000007a4f00000,0x00000007a5d00000)
 ParOldGen       total 99840K, used 13988K [0x00000006c2600000, 0x00000006c8780000, 0x000000076b780000)
  object space 99840K, 14% used [0x00000006c2600000,0x00000006c33a93c8,0x00000006c8780000)
 Metaspace       used 57255K, capacity 60944K, committed 61000K, reserved 1101824K
  class space    used 7764K, capacity 8401K, committed 8448K, reserved 1048576K
Event: 6.231 GC heap after
Heap after GC invocations=10 (full 2):
 PSYoungGen      total 934400K, used 14322K [0x000000076b780000, 0x00000007a6800000, 0x00000007c0000000)
  eden space 920064K, 0% used [0x000000076b780000,0x000000076b780000,0x00000007a3a00000)
  from space 14336K, 99% used [0x00000007a4f00000,0x00000007a5cfc9d8,0x00000007a5d00000)
  to   space 21504K, 0% used [0x00000007a3a00000,0x00000007a3a00000,0x00000007a4f00000)
 ParOldGen       total 99840K, used 26837K [0x00000006c2600000, 0x00000006c8780000, 0x000000076b780000)
  object space 99840K, 26% used [0x00000006c2600000,0x00000006c40355a0,0x00000006c8780000)
 Metaspace       used 57255K, capacity 60944K, committed 61000K, reserved 1101824K
  class space    used 7764K, capacity 8401K, committed 8448K, reserved 1048576K
}
Event: 6.231 GC heap before
{Heap before GC invocations=11 (full 3):
 PSYoungGen      total 934400K, used 14322K [0x000000076b780000, 0x00000007a6800000, 0x00000007c0000000)
  eden space 920064K, 0% used [0x000000076b780000,0x000000076b780000,0x00000007a3a00000)
  from space 14336K, 99% used [0x00000007a4f00000,0x00000007a5cfc9d8,0x00000007a5d00000)
  to   space 21504K, 0% used [0x00000007a3a00000,0x00000007a3a00000,0x00000007a4f00000)
 ParOldGen       total 99840K, used 26837K [0x00000006c2600000, 0x00000006c8780000, 0x000000076b780000)
  object space 99840K, 26% used [0x00000006c2600000,0x00000006c40355a0,0x00000006c8780000)
 Metaspace       used 57255K, capacity 60944K, committed 61000K, reserved 1101824K
  class space    used 7764K, capacity 8401K, committed 8448K, reserved 1048576K
Event: 6.381 GC heap after
Heap after GC invocations=11 (full 3):
 PSYoungGen      total 934400K, used 0K [0x000000076b780000, 0x00000007a6800000, 0x00000007c0000000)
  eden space 920064K, 0% used [0x000000076b780000,0x000000076b780000,0x00000007a3a00000)
  from space 14336K, 0% used [0x00000007a4f00000,0x00000007a4f00000,0x00000007a5d00000)
  to   space 21504K, 0% used [0x00000007a3a00000,0x00000007a3a00000,0x00000007a4f00000)
 ParOldGen       total 142336K, used 38085K [0x00000006c2600000, 0x00000006cb100000, 0x000000076b780000)
  object space 142336K, 26% used [0x00000006c2600000,0x00000006c4b31400,0x00000006cb100000)
 Metaspace       used 57255K, capacity 60944K, committed 61000K, reserved 1101824K
  class space    used 7764K, capacity 8401K, committed 8448K, reserved 1048576K
}

